<?xml version="1.0" encoding="UTF-8"?>
<testng-results ignored="0" total="2" passed="2" failed="0" skipped="0">
  <reporter-output>
  </reporter-output>
  <suite started-at="2024-02-01T17:49:25 IST" name="Default suite" finished-at="2024-02-01T17:49:25 IST" duration-ms="77">
    <groups>
    </groups>
    <test started-at="2024-02-01T17:49:25 IST" name="Default test" finished-at="2024-02-01T17:49:25 IST" duration-ms="77">
      <class name="Annotations.sample">
        <test-method signature="dataDriving(java.lang.String,java.lang.String,int)[pri:0, instance:Annotations.sample@c267ef4]" started-at="2024-02-01T17:49:25 IST" name="dataDriving" data-provider="Sample" finished-at="2024-02-01T17:49:25 IST" duration-ms="12" status="PASS">
          <params>
            <param index="0">
              <value>
                <![CDATA[Hello]]>
              </value>
            </param>
            <param index="1">
              <value>
                <![CDATA[Hi]]>
              </value>
            </param>
            <param index="2">
              <value>
                <![CDATA[123]]>
              </value>
            </param>
          </params>
          <reporter-output>
          </reporter-output>
        </test-method> <!-- dataDriving -->
        <test-method signature="dataDriving(java.lang.String,java.lang.String,int)[pri:0, instance:Annotations.sample@c267ef4]" started-at="2024-02-01T17:49:25 IST" name="dataDriving" data-provider="Sample" finished-at="2024-02-01T17:49:25 IST" duration-ms="4" status="PASS">
          <params>
            <param index="0">
              <value>
                <![CDATA[Hi]]>
              </value>
            </param>
            <param index="1">
              <value>
                <![CDATA[Hello]]>
              </value>
            </param>
            <param index="2">
              <value>
                <![CDATA[1]]>
              </value>
            </param>
          </params>
          <reporter-output>
          </reporter-output>
        </test-method> <!-- dataDriving -->
      </class> <!-- Annotations.sample -->
    </test> <!-- Default test -->
  </suite> <!-- Default suite -->
</testng-results>
